This is pdfTeX, Version 3.14159265-2.6-1.40.19 (TeX Live 2018/W32TeX) (preloaded format=pdflatex 2018.9.22)  15 DEC 2018 11:48
entering extended mode
 \write18 enabled.
 %&-line parsing enabled.
**summary.tex
(./summary.tex
LaTeX2e <2018-04-01> patch level 5
(c:/texlive/2018/texmf-dist/tex/latex/base/article.cls
Document Class: article 2014/09/29 v1.4h Standard LaTeX document class
(c:/texlive/2018/texmf-dist/tex/latex/base/size10.clo
File: size10.clo 2014/09/29 v1.4h Standard LaTeX file (size option)
)
\c@part=\count80
\c@section=\count81
\c@subsection=\count82
\c@subsubsection=\count83
\c@paragraph=\count84
\c@subparagraph=\count85
\c@figure=\count86
\c@table=\count87
\abovecaptionskip=\skip41
\belowcaptionskip=\skip42
\bibindent=\dimen102
)
(c:/texlive/2018/texmf-dist/tex/latex/base/inputenc.sty
Package: inputenc 2018/04/06 v1.3b Input encoding file
\inpenc@prehook=\toks14
\inpenc@posthook=\toks15
)
(c:/texlive/2018/texmf-dist/tex/generic/babel/babel.sty
Package: babel 2018/09/02 3.23 The Babel package

(c:/texlive/2018/texmf-dist/tex/generic/babel/switch.def
File: switch.def 2018/09/02 3.23 Babel switching mechanism
)
(c:/texlive/2018/texmf-dist/tex/generic/babel-english/english.ldf
Language: english 2017/06/06 v3.3r English support from the babel system

(c:/texlive/2018/texmf-dist/tex/generic/babel/babel.def
File: babel.def 2018/09/02 3.23 Babel common definitions
\babel@savecnt=\count88
\U@D=\dimen103

(c:/texlive/2018/texmf-dist/tex/generic/babel/txtbabel.def)
\bbl@dirlevel=\count89
)
\l@canadian = a dialect from \language\l@american 
\l@australian = a dialect from \language\l@british 
\l@newzealand = a dialect from \language\l@british 
))
(c:/texlive/2018/texmf-dist/tex/latex/geometry/geometry.sty
Package: geometry 2018/04/16 v5.8 Page Geometry

(c:/texlive/2018/texmf-dist/tex/latex/graphics/keyval.sty
Package: keyval 2014/10/28 v1.15 key=value parser (DPC)
\KV@toks@=\toks16
)
(c:/texlive/2018/texmf-dist/tex/generic/oberdiek/ifpdf.sty
Package: ifpdf 2018/09/07 v3.3 Provides the ifpdf switch
)
(c:/texlive/2018/texmf-dist/tex/generic/oberdiek/ifvtex.sty
Package: ifvtex 2016/05/16 v1.6 Detect VTeX and its facilities (HO)
Package ifvtex Info: VTeX not detected.
)
(c:/texlive/2018/texmf-dist/tex/generic/ifxetex/ifxetex.sty
Package: ifxetex 2010/09/12 v0.6 Provides ifxetex conditional
)
\Gm@cnth=\count90
\Gm@cntv=\count91
\c@Gm@tempcnt=\count92
\Gm@bindingoffset=\dimen104
\Gm@wd@mp=\dimen105
\Gm@odd@mp=\dimen106
\Gm@even@mp=\dimen107
\Gm@layoutwidth=\dimen108
\Gm@layoutheight=\dimen109
\Gm@layouthoffset=\dimen110
\Gm@layoutvoffset=\dimen111
\Gm@dimlist=\toks17
)
(c:/texlive/2018/texmf-dist/tex/latex/amsmath/amsmath.sty
Package: amsmath 2017/09/02 v2.17a AMS math features
\@mathmargin=\skip43

For additional information on amsmath, use the `?' option.
(c:/texlive/2018/texmf-dist/tex/latex/amsmath/amstext.sty
Package: amstext 2000/06/29 v2.01 AMS text

(c:/texlive/2018/texmf-dist/tex/latex/amsmath/amsgen.sty
File: amsgen.sty 1999/11/30 v2.0 generic functions
\@emptytoks=\toks18
\ex@=\dimen112
))
(c:/texlive/2018/texmf-dist/tex/latex/amsmath/amsbsy.sty
Package: amsbsy 1999/11/29 v1.2d Bold Symbols
\pmbraise@=\dimen113
)
(c:/texlive/2018/texmf-dist/tex/latex/amsmath/amsopn.sty
Package: amsopn 2016/03/08 v2.02 operator names
)
\inf@bad=\count93
LaTeX Info: Redefining \frac on input line 213.
\uproot@=\count94
\leftroot@=\count95
LaTeX Info: Redefining \overline on input line 375.
\classnum@=\count96
\DOTSCASE@=\count97
LaTeX Info: Redefining \ldots on input line 472.
LaTeX Info: Redefining \dots on input line 475.
LaTeX Info: Redefining \cdots on input line 596.
\Mathstrutbox@=\box26
\strutbox@=\box27
\big@size=\dimen114
LaTeX Font Info:    Redeclaring font encoding OML on input line 712.
LaTeX Font Info:    Redeclaring font encoding OMS on input line 713.
\macc@depth=\count98
\c@MaxMatrixCols=\count99
\dotsspace@=\muskip10
\c@parentequation=\count100
\dspbrk@lvl=\count101
\tag@help=\toks19
\row@=\count102
\column@=\count103
\maxfields@=\count104
\andhelp@=\toks20
\eqnshift@=\dimen115
\alignsep@=\dimen116
\tagshift@=\dimen117
\tagwidth@=\dimen118
\totwidth@=\dimen119
\lineht@=\dimen120
\@envbody=\toks21
\multlinegap=\skip44
\multlinetaggap=\skip45
\mathdisplay@stack=\toks22
LaTeX Info: Redefining \[ on input line 2817.
LaTeX Info: Redefining \] on input line 2818.
)
(c:/texlive/2018/texmf-dist/tex/latex/amscls/amsthm.sty
Package: amsthm 2017/10/31 v2.20.4
\thm@style=\toks23
\thm@bodyfont=\toks24
\thm@headfont=\toks25
\thm@notefont=\toks26
\thm@headpunct=\toks27
\thm@preskip=\skip46
\thm@postskip=\skip47
\thm@headsep=\skip48
\dth@everypar=\toks28
)
(c:/texlive/2018/texmf-dist/tex/latex/amsfonts/amssymb.sty
Package: amssymb 2013/01/14 v3.01 AMS font symbols

(c:/texlive/2018/texmf-dist/tex/latex/amsfonts/amsfonts.sty
Package: amsfonts 2013/01/14 v3.01 Basic AMSFonts support
\symAMSa=\mathgroup4
\symAMSb=\mathgroup5
LaTeX Font Info:    Overwriting math alphabet `\mathfrak' in version `bold'
(Font)                  U/euf/m/n --> U/euf/b/n on input line 106.
))
(c:/texlive/2018/texmf-dist/tex/latex/tools/bm.sty
Package: bm 2017/01/16 v1.2c Bold Symbol Support (DPC/FMi)
\symboldoperators=\mathgroup6
\symboldletters=\mathgroup7
\symboldsymbols=\mathgroup8
LaTeX Font Info:    Redeclaring math alphabet \mathbf on input line 141.
LaTeX Info: Redefining \bm on input line 207.
)
(c:/texlive/2018/texmf-dist/tex/latex/graphics/graphicx.sty
Package: graphicx 2017/06/01 v1.1a Enhanced LaTeX Graphics (DPC,SPQR)

(c:/texlive/2018/texmf-dist/tex/latex/graphics/graphics.sty
Package: graphics 2017/06/25 v1.2c Standard LaTeX Graphics (DPC,SPQR)

(c:/texlive/2018/texmf-dist/tex/latex/graphics/trig.sty
Package: trig 2016/01/03 v1.10 sin cos tan (DPC)
)
(c:/texlive/2018/texmf-dist/tex/latex/graphics-cfg/graphics.cfg
File: graphics.cfg 2016/06/04 v1.11 sample graphics configuration
)
Package graphics Info: Driver file: pdftex.def on input line 99.

(c:/texlive/2018/texmf-dist/tex/latex/graphics-def/pdftex.def
File: pdftex.def 2018/01/08 v1.0l Graphics/color driver for pdftex
))
\Gin@req@height=\dimen121
\Gin@req@width=\dimen122
)
(c:/texlive/2018/texmf-dist/tex/latex/xcolor/xcolor.sty
Package: xcolor 2016/05/11 v2.12 LaTeX color extensions (UK)

(c:/texlive/2018/texmf-dist/tex/latex/graphics-cfg/color.cfg
File: color.cfg 2016/01/02 v1.6 sample color configuration
)
Package xcolor Info: Driver file: pdftex.def on input line 225.
Package xcolor Info: Model `cmy' substituted by `cmy0' on input line 1348.
Package xcolor Info: Model `hsb' substituted by `rgb' on input line 1352.
Package xcolor Info: Model `RGB' extended on input line 1364.
Package xcolor Info: Model `HTML' substituted by `rgb' on input line 1366.
Package xcolor Info: Model `Hsb' substituted by `hsb' on input line 1367.
Package xcolor Info: Model `tHsb' substituted by `hsb' on input line 1368.
Package xcolor Info: Model `HSB' substituted by `hsb' on input line 1369.
Package xcolor Info: Model `Gray' substituted by `gray' on input line 1370.
Package xcolor Info: Model `wave' substituted by `hsb' on input line 1371.
)
(c:/texlive/2018/texmf-dist/tex/latex/minted/minted.sty
Package: minted 2017/07/19 v2.5 Yet another Pygments shim for LaTeX

(c:/texlive/2018/texmf-dist/tex/latex/oberdiek/kvoptions.sty
Package: kvoptions 2016/05/16 v3.12 Key value format for package options (HO)

(c:/texlive/2018/texmf-dist/tex/generic/oberdiek/ltxcmds.sty
Package: ltxcmds 2016/05/16 v1.23 LaTeX kernel commands for general use (HO)
)
(c:/texlive/2018/texmf-dist/tex/generic/oberdiek/kvsetkeys.sty
Package: kvsetkeys 2016/05/16 v1.17 Key value parser (HO)

(c:/texlive/2018/texmf-dist/tex/generic/oberdiek/infwarerr.sty
Package: infwarerr 2016/05/16 v1.4 Providing info/warning/error messages (HO)
)
(c:/texlive/2018/texmf-dist/tex/generic/oberdiek/etexcmds.sty
Package: etexcmds 2016/05/16 v1.6 Avoid name clashes with e-TeX commands (HO)

(c:/texlive/2018/texmf-dist/tex/generic/oberdiek/ifluatex.sty
Package: ifluatex 2016/05/16 v1.4 Provides the ifluatex switch (HO)
Package ifluatex Info: LuaTeX not detected.
)
Package etexcmds Info: Could not find \expanded.
(etexcmds)             That can mean that you are not using pdfTeX 1.50 or
(etexcmds)             that some package has redefined \expanded.
(etexcmds)             In the latter case, load this package earlier.
)))
(c:/texlive/2018/texmf-dist/tex/latex/fvextra/fvextra.sty
Package: fvextra 2017/07/08 v1.3.1 fvextra - extensions and patches for fancyvr
b

(c:/texlive/2018/texmf-dist/tex/latex/base/ifthen.sty
Package: ifthen 2014/09/29 v1.1c Standard LaTeX ifthen package (DPC)
)
(c:/texlive/2018/texmf-dist/tex/latex/etoolbox/etoolbox.sty
Package: etoolbox 2018/08/19 v2.5f e-TeX tools for LaTeX (JAW)
\etb@tempcnta=\count105
)
(c:/texlive/2018/texmf-dist/tex/latex/fancyvrb/fancyvrb.sty
Package: fancyvrb 2008/02/07

Style option: `fancyvrb' v2.7a, with DG/SPQR fixes, and firstline=lastline fix 
<2008/02/07> (tvz)
\FV@CodeLineNo=\count106
\FV@InFile=\read1
\FV@TabBox=\box28
\c@FancyVerbLine=\count107
\FV@StepNumber=\count108
\FV@OutFile=\write3
) (c:/texlive/2018/texmf-dist/tex/latex/upquote/upquote.sty
Package: upquote 2012/04/19 v1.3 upright-quote and grave-accent glyphs in verba
tim
)
(c:/texlive/2018/texmf-dist/tex/latex/lineno/lineno.sty
Package: lineno 2005/11/02 line numbers on paragraphs v4.41
\linenopenalty=\count109
\output=\toks29
\linenoprevgraf=\count110
\linenumbersep=\dimen123
\linenumberwidth=\dimen124
\c@linenumber=\count111
\c@pagewiselinenumber=\count112
\c@LN@truepage=\count113
\c@internallinenumber=\count114
\c@internallinenumbers=\count115
\quotelinenumbersep=\dimen125
\bframerule=\dimen126
\bframesep=\dimen127
\bframebox=\box29
LaTeX Info: Redefining \\ on input line 3056.
)
\c@FV@TrueTabGroupLevel=\count116
\c@FV@TrueTabCounter=\count117
\FV@TabBox@Group=\box30
\FV@TmpLength=\skip49
\c@FV@HighlightLinesStart=\count118
\c@FV@HighlightLinesStop=\count119
\FV@LoopCount=\count120
\FV@NCharsBox=\box31
\FV@BreakIndent=\dimen128
\FV@BreakIndentNChars=\count121
\FV@BreakSymbolSepLeft=\dimen129
\FV@BreakSymbolSepLeftNChars=\count122
\FV@BreakSymbolSepRight=\dimen130
\FV@BreakSymbolSepRightNChars=\count123
\FV@BreakSymbolIndentLeft=\dimen131
\FV@BreakSymbolIndentLeftNChars=\count124
\FV@BreakSymbolIndentRight=\dimen132
\FV@BreakSymbolIndentRightNChars=\count125
\c@FancyVerbLineBreakLast=\count126
\FV@LineBox=\box32
\FV@LineIndentBox=\box33
)
(c:/texlive/2018/texmf-dist/tex/latex/tools/calc.sty
Package: calc 2017/05/25 v4.3 Infix arithmetic (KKT,FJ)
\calc@Acount=\count127
\calc@Bcount=\count128
\calc@Adimen=\dimen133
\calc@Bdimen=\dimen134
\calc@Askip=\skip50
\calc@Bskip=\skip51
LaTeX Info: Redefining \setlength on input line 80.
LaTeX Info: Redefining \addtolength on input line 81.
\calc@Ccount=\count129
\calc@Cskip=\skip52
)
(c:/texlive/2018/texmf-dist/tex/latex/tools/shellesc.sty
Package: shellesc 2016/06/07 v0.02a unified shell escape interface for LaTeX
Package shellesc Info: Unrestricted shell escape enabled on input line 67.
)
(c:/texlive/2018/texmf-dist/tex/latex/ifplatform/ifplatform.sty
Package: ifplatform 2017/10/13 v0.4a Testing for the operating system

(c:/texlive/2018/texmf-dist/tex/generic/oberdiek/pdftexcmds.sty
Package: pdftexcmds 2018/09/10 v0.29 Utility functions of pdfTeX for LuaTeX (HO
)
Package pdftexcmds Info: LuaTeX not detected.
Package pdftexcmds Info: \pdf@primitive is available.
Package pdftexcmds Info: \pdf@ifprimitive is available.
Package pdftexcmds Info: \pdfdraftmode found.
)
(c:/texlive/2018/texmf-dist/tex/generic/oberdiek/catchfile.sty
Package: catchfile 2016/05/16 v1.7 Catch the contents of a file (HO)
))
(c:/texlive/2018/texmf-dist/tex/generic/xstring/xstring.sty
(c:/texlive/2018/texmf-dist/tex/generic/xstring/xstring.tex
\@xs@message=\write4
\integerpart=\count130
\decimalpart=\count131
)
Package: xstring 2013/10/13  v1.7c  String manipulations (C Tellechea)
)
(c:/texlive/2018/texmf-dist/tex/latex/framed/framed.sty
Package: framed 2011/10/22 v 0.96: framed or shaded text with page breaks
\OuterFrameSep=\skip53
\fb@frw=\dimen135
\fb@frh=\dimen136
\FrameRule=\dimen137
\FrameSep=\dimen138
)
(c:/texlive/2018/texmf-dist/tex/latex/float/float.sty
Package: float 2001/11/08 v1.3d Float enhancements (AL)
\c@float@type=\count132
\float@exts=\toks30
\float@box=\box34
\@float@everytoks=\toks31
\@floatcapt=\box35
)
\minted@appexistsfile=\read2
\minted@bgbox=\box36
\minted@code=\write5
\c@minted@FancyVerbLineTemp=\count133
\c@minted@pygmentizecounter=\count134
\@float@every@listing=\toks32
\c@listing=\count135
)
runsystem(if not exist _minted-summary mkdir _minted-summary)...executed.

runsystem(for ^%i in (pygmentize.exe pygmentize.bat pygmentize.cmd) do set > su
mmary.aex <nul: /p x=^%~$PATH:i>> summary.aex)...executed.

runsystem(del summary.aex)...executed.

 (./summary.aux

LaTeX Warning: Label `listing:singlyLinkedNode' multiply defined.

)
\openout1 = `summary.aux'.

LaTeX Font Info:    Checking defaults for OML/cmm/m/it on input line 25.
LaTeX Font Info:    ... okay on input line 25.
LaTeX Font Info:    Checking defaults for T1/cmr/m/n on input line 25.
LaTeX Font Info:    ... okay on input line 25.
LaTeX Font Info:    Checking defaults for OT1/cmr/m/n on input line 25.
LaTeX Font Info:    ... okay on input line 25.
LaTeX Font Info:    Checking defaults for OMS/cmsy/m/n on input line 25.
LaTeX Font Info:    ... okay on input line 25.
LaTeX Font Info:    Checking defaults for OMX/cmex/m/n on input line 25.
LaTeX Font Info:    ... okay on input line 25.
LaTeX Font Info:    Checking defaults for U/cmr/m/n on input line 25.
LaTeX Font Info:    ... okay on input line 25.

*geometry* driver: auto-detecting
*geometry* detected driver: pdftex
*geometry* verbose mode - [ preamble ] result:
* driver: pdftex
* paper: <default>
* layout: <same size as paper>
* layoutoffset:(h,v)=(0.0pt,0.0pt)
* modes: 
* h-part:(L,W,R)=(72.26999pt, 469.75502pt, 72.26999pt)
* v-part:(T,H,B)=(72.26999pt, 650.43001pt, 72.26999pt)
* \paperwidth=614.295pt
* \paperheight=794.96999pt
* \textwidth=469.75502pt
* \textheight=650.43001pt
* \oddsidemargin=0.0pt
* \evensidemargin=0.0pt
* \topmargin=-37.0pt
* \headheight=12.0pt
* \headsep=25.0pt
* \topskip=10.0pt
* \footskip=30.0pt
* \marginparwidth=65.0pt
* \marginparsep=11.0pt
* \columnsep=10.0pt
* \skip\footins=9.0pt plus 4.0pt minus 2.0pt
* \hoffset=0.0pt
* \voffset=0.0pt
* \mag=1000
* \@twocolumnfalse
* \@twosidefalse
* \@mparswitchfalse
* \@reversemarginfalse
* (1in=72.27pt=25.4mm, 1cm=28.453pt)

(c:/texlive/2018/texmf-dist/tex/context/base/mkii/supp-pdf.mkii
[Loading MPS to PDF converter (version 2006.09.02).]
\scratchcounter=\count136
\scratchdimen=\dimen139
\scratchbox=\box37
\nofMPsegments=\count137
\nofMParguments=\count138
\everyMPshowfont=\toks33
\MPscratchCnt=\count139
\MPscratchDim=\dimen140
\MPnumerator=\count140
\makeMPintoPDFobject=\count141
\everyMPtoPDFconversion=\toks34
) (c:/texlive/2018/texmf-dist/tex/latex/oberdiek/epstopdf-base.sty
Package: epstopdf-base 2016/05/15 v2.6 Base part for package epstopdf

(c:/texlive/2018/texmf-dist/tex/latex/oberdiek/grfext.sty
Package: grfext 2016/05/16 v1.2 Manage graphics extensions (HO)

(c:/texlive/2018/texmf-dist/tex/generic/oberdiek/kvdefinekeys.sty
Package: kvdefinekeys 2016/05/16 v1.4 Define keys (HO)
))
Package epstopdf-base Info: Redefining graphics rule for `.eps' on input line 4
38.
Package grfext Info: Graphics extension search list:
(grfext)             [.pdf,.png,.jpg,.mps,.jpeg,.jbig2,.jb2,.PDF,.PNG,.JPG,.JPE
G,.JBIG2,.JB2,.eps]
(grfext)             \AppendGraphicsExtensions on input line 456.

(c:/texlive/2018/texmf-dist/tex/latex/latexconfig/epstopdf-sys.cfg
File: epstopdf-sys.cfg 2010/07/13 v1.3 Configuration of (r)epstopdf for TeX Liv
e
))
LaTeX Font Info:    Try loading font information for U+msa on input line 27.

(c:/texlive/2018/texmf-dist/tex/latex/amsfonts/umsa.fd
File: umsa.fd 2013/01/14 v3.01 AMS symbols A
)
LaTeX Font Info:    Try loading font information for U+msb on input line 27.

(c:/texlive/2018/texmf-dist/tex/latex/amsfonts/umsb.fd
File: umsb.fd 2013/01/14 v3.01 AMS symbols B
)

LaTeX Warning: No \author given.


Underfull \hbox (badness 10000) in paragraph at lines 31--32

 []


Underfull \hbox (badness 10000) in paragraph at lines 33--34

 []

\openout3 = `summary.pyg'.

(./_minted-summary/default-pyg-prefix.pygstyle)
(./_minted-summary/trac.pygstyle)
(./_minted-summary/A7C84BA506A48D43A036CDA5CA4FAC0044F48E6BEC8AEF0EEEBB74039378
9B2A.pygtex
LaTeX Font Info:    Font shape `OT1/cmtt/bx/n' in size <10> not available
(Font)              Font shape `OT1/cmtt/m/n' tried instead on input line 2.
)
\openout3 = `summary.pyg'.


(./_minted-summary/8A06E6C990AC4DD854252B755C035E2D44F48E6BEC8AEF0EEEBB74039378
9B2A.pygtex) [1

{c:/texlive/2018/texmf-var/fonts/map/pdftex/updmap/pdftex.map}]
\openout3 = `summary.pyg'.


(./_minted-summary/931F404FA5158D47D5AA5A239B86889C44F48E6BEC8AEF0EEEBB74039378
9B2A.pygtex) [2]

LaTeX Warning: File `lookup_table.png' not found on input line 120.


! Package pdftex.def Error: File `lookup_table.png' not found: using draft sett
ing.

See the pdftex.def package documentation for explanation.
Type  H <return>  for immediate help.
 ...                                              
                                                  
l.120 	\includegraphics{lookup_table.png}
                                         
Try typing  <return>  to proceed.
If that doesn't work, type  X <return>  to quit.

LaTeX Font Info:    Try loading font information for OMS+cmr on input line 128.

(c:/texlive/2018/texmf-dist/tex/latex/base/omscmr.fd
File: omscmr.fd 2014/09/29 v2.5h Standard LaTeX font definitions
)
LaTeX Font Info:    Font shape `OMS/cmr/m/n' in size <10> not available
(Font)              Font shape `OMS/cmsy/m/n' tried instead on input line 128.
\openout3 = `summary.pyg'.


(./_minted-summary/2D310E9F5DA1686DC02004992291F3F344F48E6BEC8AEF0EEEBB74039378
9B2A.pygtex) [3]
Underfull \vbox (badness 10000) detected at line 215
 []


Underfull \vbox (badness 10000) detected at line 215
 []

[4]
\openout3 = `summary.pyg'.


(./_minted-summary/744ECBBB30535A19459C242618AAA33F44F48E6BEC8AEF0EEEBB74039378
9B2A.pygtex)
\openout3 = `summary.pyg'.

 [5]
(./_minted-summary/54B44195DE4F5371E23831D93D9CA7D544F48E6BEC8AEF0EEEBB74039378
9B2A.pygtex)
\openout3 = `summary.pyg'.


(./_minted-summary/822667E41CAF6040A994E6EE4024A20A44F48E6BEC8AEF0EEEBB74039378
9B2A.pygtex) [6]
\openout3 = `summary.pyg'.


(./_minted-summary/739ED2BE4B21D90D089F19F11136FB4944F48E6BEC8AEF0EEEBB74039378
9B2A.pygtex) [7]

LaTeX Font Warning: Command \LARGE invalid in math mode on input line 360.


LaTeX Font Warning: Command \LARGE invalid in math mode on input line 360.


LaTeX Font Warning: Command \LARGE invalid in math mode on input line 360.


LaTeX Font Warning: Command \LARGE invalid in math mode on input line 360.


LaTeX Font Warning: Command \LARGE invalid in math mode on input line 360.


LaTeX Font Warning: Command \LARGE invalid in math mode on input line 360.


LaTeX Font Warning: Command \LARGE invalid in math mode on input line 360.


LaTeX Font Warning: Command \LARGE invalid in math mode on input line 360.


LaTeX Font Warning: Command \LARGE invalid in math mode on input line 360.


LaTeX Font Warning: Command \LARGE invalid in math mode on input line 360.


LaTeX Font Warning: Command \LARGE invalid in math mode on input line 365.


LaTeX Font Warning: Command \LARGE invalid in math mode on input line 365.


LaTeX Font Warning: Command \LARGE invalid in math mode on input line 365.


LaTeX Font Warning: Command \LARGE invalid in math mode on input line 365.


LaTeX Font Warning: Command \LARGE invalid in math mode on input line 365.


LaTeX Font Warning: Command \LARGE invalid in math mode on input line 365.


LaTeX Font Warning: Command \LARGE invalid in math mode on input line 365.


LaTeX Font Warning: Command \LARGE invalid in math mode on input line 365.


LaTeX Font Warning: Command \LARGE invalid in math mode on input line 365.


LaTeX Font Warning: Command \LARGE invalid in math mode on input line 365.


LaTeX Font Warning: Command \small invalid in math mode on input line 370.


LaTeX Font Warning: Command \small invalid in math mode on input line 370.


LaTeX Font Warning: Command \small invalid in math mode on input line 370.


LaTeX Font Warning: Command \small invalid in math mode on input line 370.


LaTeX Font Warning: Command \small invalid in math mode on input line 374.


LaTeX Font Warning: Command \small invalid in math mode on input line 374.


LaTeX Font Warning: Command \small invalid in math mode on input line 374.


LaTeX Font Warning: Command \small invalid in math mode on input line 374.


Underfull \hbox (badness 10000) in paragraph at lines 379--382

 []


(./_minted-summary/6438AAC6D5017CA52F84EB3550C0307F5B833245A7D04FE97B75CA1EEB24
51E2.pygtex)
(./_minted-summary/9269404AA5FDE7D6D63EBBFD5310FA4CEEC6E5035AECFD0257BE7E7F085B
96AB.pygtex) [8]
(./_minted-summary/8DB1C2CC10774EE7F73231934AD6AD30A85E693116CF38E95636F364DB9B
0FC0.pygtex)
Underfull \hbox (badness 10000) in paragraph at lines 425--426

 []

\openout3 = `summary.pyg'.


(./_minted-summary/958F84DF66C15F6BD29470B7DC6BC8E544F48E6BEC8AEF0EEEBB74039378
9B2A.pygtex)
\openout3 = `summary.pyg'.


(./_minted-summary/B59EBACE066FDB6362E8197C82E1FED244F48E6BEC8AEF0EEEBB74039378
9B2A.pygtex) [9]
\openout3 = `summary.pyg'.


(./_minted-summary/219D9A2F3B56E621DC24622D84642F4144F48E6BEC8AEF0EEEBB74039378
9B2A.pygtex)
\openout3 = `summary.pyg'.


(./_minted-summary/95E700D4D17272DD80A157E412C30E3444F48E6BEC8AEF0EEEBB74039378
9B2A.pygtex)
\openout3 = `summary.pyg'.


(./_minted-summary/C6C2B38942CDBC4F63AAA989D497BD8644F48E6BEC8AEF0EEEBB74039378
9B2A.pygtex) [10]
\openout3 = `summary.pyg'.


(./_minted-summary/043D4F5EABF0A476E631D691A73909D344F48E6BEC8AEF0EEEBB74039378
9B2A.pygtex)
\openout3 = `summary.pyg'.


(./_minted-summary/9CEB7417CC806936D566B1A64E9C1A2A44F48E6BEC8AEF0EEEBB74039378
9B2A.pygtex)
\openout3 = `summary.pyg'.


(./_minted-summary/0D358444E2C3749741135CDF53F2D28F44F48E6BEC8AEF0EEEBB74039378
9B2A.pygtex) [11]
\openout3 = `summary.pyg'.


(./_minted-summary/9E0BC2ABCF8577DE5E4D682E5022090C44F48E6BEC8AEF0EEEBB74039378
9B2A.pygtex)
\openout3 = `summary.pyg'.


(./_minted-summary/C8FE97DDD6E59F64E43556A439407F7444F48E6BEC8AEF0EEEBB74039378
9B2A.pygtex) [12]
\openout3 = `summary.pyg'.


(./_minted-summary/8B0B1B4602DE1D3101CBA7BAE22905BD44F48E6BEC8AEF0EEEBB74039378
9B2A.pygtex) [13]
\openout3 = `summary.pyg'.


(./_minted-summary/C033047C5798098FC8BF4CB05F140C0844F48E6BEC8AEF0EEEBB74039378
9B2A.pygtex)
\openout3 = `summary.pyg'.


(./_minted-summary/3207CF7A160DE72E7E707E66345AB6F744F48E6BEC8AEF0EEEBB74039378
9B2A.pygtex)
\openout3 = `summary.pyg'.


(./_minted-summary/68B329DA9893E34099C7D8AD5CB9C94044F48E6BEC8AEF0EEEBB74039378
9B2A.pygtex) [14] [15] (./summary.aux)

LaTeX Warning: There were multiply-defined labels.

runsystem(del summary.pyg)...executed.

 ) 
Here is how much of TeX's memory you used:
 7126 strings out of 492641
 119805 string characters out of 6133116
 258597 words of memory out of 5000000
 10768 multiletter control sequences out of 15000+600000
 19729 words of font info for 74 fonts, out of 8000000 for 9000
 1141 hyphenation exceptions out of 8191
 37i,8n,35p,1490b,454s stack positions out of 5000i,500n,10000p,200000b,80000s
<c:/texlive/2018/texmf-dist/fonts/type1/public/amsfonts/cm/cmbx10.pfb><c:/tex
live/2018/texmf-dist/fonts/type1/public/amsfonts/cm/cmbx12.pfb><c:/texlive/2018
/texmf-dist/fonts/type1/public/amsfonts/cm/cmitt10.pfb><c:/texlive/2018/texmf-d
ist/fonts/type1/public/amsfonts/cm/cmmi10.pfb><c:/texlive/2018/texmf-dist/fonts
/type1/public/amsfonts/cm/cmmi9.pfb><c:/texlive/2018/texmf-dist/fonts/type1/pub
lic/amsfonts/cm/cmmib10.pfb><c:/texlive/2018/texmf-dist/fonts/type1/public/amsf
onts/cm/cmr10.pfb><c:/texlive/2018/texmf-dist/fonts/type1/public/amsfonts/cm/cm
r17.pfb><c:/texlive/2018/texmf-dist/fonts/type1/public/amsfonts/cm/cmsy10.pfb><
c:/texlive/2018/texmf-dist/fonts/type1/public/amsfonts/cm/cmti10.pfb><c:/texliv
e/2018/texmf-dist/fonts/type1/public/amsfonts/cm/cmtt10.pfb><c:/texlive/2018/te
xmf-dist/fonts/type1/public/amsfonts/cm/cmtt9.pfb>
Output written on summary.pdf (15 pages, 184090 bytes).
PDF statistics:
 101 PDF objects out of 1000 (max. 8388607)
 71 compressed objects within 1 object stream
 0 named destinations out of 1000 (max. 500000)
 1 words of extra memory for PDF output out of 10000 (max. 10000000)

